<?xml version="1.0" encoding="UTF-8"?>
<!-- Generated by org.testng.reporters.JUnitReportReporter -->
<testsuite hostname="Shekhar-PC" failures="0" tests="1" name="com.actiTimeSimple.test.TC01Test" time="7.573" errors="0" timestamp="2 Mar 2019 11:19:53 GMT">
  <testcase classname="com.actiTimeSimple.test.TC01Test" name="testTC01" time="7.573"/>
</testsuite> <!-- com.actiTimeSimple.test.TC01Test -->
