<?xml version="1.0" encoding="UTF-8"?>
<!-- Generated by org.testng.reporters.JUnitReportReporter -->
<testsuite hostname="Shekhar-PC" failures="0" tests="1" name="com.actiTimeSimple.test.TC02Test" time="19.483" errors="0" timestamp="2 Mar 2019 11:19:53 GMT">
  <testcase classname="com.actiTimeSimple.test.TC02Test" name="testTC02" time="19.483"/>
</testsuite> <!-- com.actiTimeSimple.test.TC02Test -->
