<?xml version="1.0" encoding="UTF-8"?>
<!-- Generated by org.testng.reporters.JUnitReportReporter -->
<testsuite hostname="Shekhar-PC" failures="0" tests="1" name="com.actiTimeSimple.test.TC04Test" time="17.431" errors="0" timestamp="2 Mar 2019 11:19:53 GMT">
  <testcase classname="com.actiTimeSimple.test.TC04Test" name="testTC04" time="17.431"/>
</testsuite> <!-- com.actiTimeSimple.test.TC04Test -->
